<?xml version="1.0" encoding="UTF-8"?>
<!-- Generated by org.testng.reporters.JUnitXMLReporter -->
<testsuite hostname="LAPTOP-V1G862B9" name="Test" tests="3" failures="0" timestamp="20 Sep 2020 12:50:32 GMT" time="16.922" errors="0">
  <testcase name="openGoogle" time="1.446" classname="org.automation.test.NewTest"/>
  <testcase name="openGoogle" time="1.286" classname="org.automation.test.NewTest2"/>
  <testcase name="openGoogle" time="2.202" classname="org.automation.test.NewTest3"/>
</testsuite> <!-- Test -->
