<?xml version="1.0" encoding="UTF-8"?>
<testng-results skipped="0" failed="0" total="1" passed="1">
  <reporter-output>
  </reporter-output>
  <suite name="Default suite" duration-ms="6784" started-at="2020-09-20T18:13:33Z" finished-at="2020-09-20T18:13:40Z">
    <groups>
    </groups>
    <test name="Default test" duration-ms="6784" started-at="2020-09-20T18:13:33Z" finished-at="2020-09-20T18:13:40Z">
      <class name="org.automation.test.NewTest2">
        <test-method status="PASS" signature="beforeClass()[pri:0, instance:org.automation.test.NewTest2@1d057a39]" name="beforeClass" is-config="true" duration-ms="4245" started-at="2020-09-20T23:43:33Z" finished-at="2020-09-20T23:43:37Z">
          <reporter-output>
          </reporter-output>
        </test-method> <!-- beforeClass -->
        <test-method status="PASS" signature="openFacebook()[pri:0, instance:org.automation.test.NewTest2@1d057a39]" name="openFacebook" duration-ms="1823" started-at="2020-09-20T23:43:37Z" finished-at="2020-09-20T23:43:39Z">
          <reporter-output>
          </reporter-output>
        </test-method> <!-- openFacebook -->
        <test-method status="PASS" signature="afterClass()[pri:0, instance:org.automation.test.NewTest2@1d057a39]" name="afterClass" is-config="true" duration-ms="688" started-at="2020-09-20T23:43:39Z" finished-at="2020-09-20T23:43:40Z">
          <reporter-output>
          </reporter-output>
        </test-method> <!-- afterClass -->
      </class> <!-- org.automation.test.NewTest2 -->
    </test> <!-- Default test -->
  </suite> <!-- Default suite -->
</testng-results>
